Change Component Designator: OldDesignator=Pump  NewDesignator=Pump
Added Component: Designator=D1(DO-41)
Add component (AddParameter): Name = "BRAND"; Value = ""; VariantName = "[No Variations]"
Add component (AddParameter): Name = "PACKAGE"; Value = ""; VariantName = "[No Variations]"
Add component (AddParameter): Name = "PART NO"; Value = ""; VariantName = "[No Variations]"
Add component (AddParameter): Name = "STOCK CODE"; Value = ""; VariantName = "[No Variations]"
Add component (AddParameter): Name = "SUPPLIER"; Value = ""; VariantName = "[No Variations]"
Add component (AddParameter): Name = "TYPE"; Value = ""; VariantName = "[No Variations]"
Added Component: Designator=D?(LED 10MM - RED)
Add component (AddParameter): Name = "BRAND"; Value = ""; VariantName = "[No Variations]"
Add component (AddParameter): Name = "PACKAGE"; Value = ""; VariantName = "[No Variations]"
Add component (AddParameter): Name = "PART NO"; Value = ""; VariantName = "[No Variations]"
Add component (AddParameter): Name = "STOCK CODE"; Value = ""; VariantName = "[No Variations]"
Add component (AddParameter): Name = "SUPPLIER"; Value = ""; VariantName = "[No Variations]"
Add component (AddParameter): Name = "TYPE"; Value = ""; VariantName = "[No Variations]"
Added Component: Designator=F530S(TO254P1524X483-4N)
Add component (AddParameter): Name = "Check_prices"; Value = "https://www.snapeda.com/parts/IRF5305SPBF/Infineon/view-part/?ref=eda"; VariantName = "[No Variations]"
Add component (AddParameter): Name = "MF"; Value = "Infineon Technologies"; VariantName = "[No Variations]"
Add component (AddParameter): Name = "MP"; Value = "IRF5305SPBF"; VariantName = "[No Variations]"
Add component (AddParameter): Name = "Package"; Value = "D2PAK Infineon"; VariantName = "[No Variations]"
Add component (AddParameter): Name = "SnapEDA_Link"; Value = "https://www.snapeda.com/parts/IRF5305SPBF/Infineon/view-part/?ref=snap"; VariantName = "[No Variations]"
Add component (AddParameter): Name = "Value"; Value = ""; VariantName = "[No Variations]"
Added Component: Designator=P1(HDR/Terminal/2)
Add component (AddParameter): Name = "BRAND"; Value = ""; VariantName = "[No Variations]"
Add component (AddParameter): Name = "PACKAGE"; Value = ""; VariantName = "[No Variations]"
Add component (AddParameter): Name = "PART NO"; Value = ""; VariantName = "[No Variations]"
Add component (AddParameter): Name = "STOCK CODE"; Value = ""; VariantName = "[No Variations]"
Add component (AddParameter): Name = "SUPPLIER"; Value = ""; VariantName = "[No Variations]"
Add component (AddParameter): Name = "TYPE"; Value = ""; VariantName = "[No Variations]"
Added Component: Designator=P2(HDR/Header/2/2mm)
Add component (AddParameter): Name = "BRAND"; Value = ""; VariantName = "[No Variations]"
Add component (AddParameter): Name = "PACKAGE"; Value = ""; VariantName = "[No Variations]"
Add component (AddParameter): Name = "PART NO"; Value = ""; VariantName = "[No Variations]"
Add component (AddParameter): Name = "STOCK CODE"; Value = ""; VariantName = "[No Variations]"
Add component (AddParameter): Name = "SUPPLIER"; Value = ""; VariantName = "[No Variations]"
Add component (AddParameter): Name = "TYPE"; Value = ""; VariantName = "[No Variations]"
Added Component: Designator=PC817(SOIC254P960X420-4N)
Add component (AddParameter): Name = "Check_prices"; Value = "https://www.snapeda.com/parts/PC817X2NIP1B/Sharp+Microelectronics/view-part/?ref=eda"; VariantName = "[No Variations]"
Add component (AddParameter): Name = "MF"; Value = "Sharp Microelectronics"; VariantName = "[No Variations]"
Add component (AddParameter): Name = "MP"; Value = "PC817X2NIP1B"; VariantName = "[No Variations]"
Add component (AddParameter): Name = "Package"; Value = "SMD-4 Sharp Microelectronics"; VariantName = "[No Variations]"
Add component (AddParameter): Name = "SnapEDA_Link"; Value = "https://www.snapeda.com/parts/PC817X2NIP1B/Sharp+Microelectronics/view-part/?ref=snap"; VariantName = "[No Variations]"
Add component (AddParameter): Name = "Value"; Value = ""; VariantName = "[No Variations]"
Added Component: Designator=R9(R 0402)
Add component (AddParameter): Name = "BRAND"; Value = ""; VariantName = "[No Variations]"
Add component (AddParameter): Name = "PACKAGE"; Value = ""; VariantName = "[No Variations]"
Add component (AddParameter): Name = "PART NO"; Value = ""; VariantName = "[No Variations]"
Add component (AddParameter): Name = "STOCK CODE"; Value = ""; VariantName = "[No Variations]"
Add component (AddParameter): Name = "SUPPLIER"; Value = ""; VariantName = "[No Variations]"
Add component (AddParameter): Name = "TYPE"; Value = ""; VariantName = "[No Variations]"
Added Component: Designator=R10(R 0402)
Add component (AddParameter): Name = "BRAND"; Value = ""; VariantName = "[No Variations]"
Add component (AddParameter): Name = "PACKAGE"; Value = ""; VariantName = "[No Variations]"
Add component (AddParameter): Name = "PART NO"; Value = ""; VariantName = "[No Variations]"
Add component (AddParameter): Name = "STOCK CODE"; Value = ""; VariantName = "[No Variations]"
Add component (AddParameter): Name = "SUPPLIER"; Value = ""; VariantName = "[No Variations]"
Add component (AddParameter): Name = "TYPE"; Value = ""; VariantName = "[No Variations]"
Added Component: Designator=R11(R 0402)
Add component (AddParameter): Name = "BRAND"; Value = ""; VariantName = "[No Variations]"
Add component (AddParameter): Name = "PACKAGE"; Value = ""; VariantName = "[No Variations]"
Add component (AddParameter): Name = "PART NO"; Value = ""; VariantName = "[No Variations]"
Add component (AddParameter): Name = "STOCK CODE"; Value = ""; VariantName = "[No Variations]"
Add component (AddParameter): Name = "SUPPLIER"; Value = ""; VariantName = "[No Variations]"
Add component (AddParameter): Name = "TYPE"; Value = ""; VariantName = "[No Variations]"
Added Component: Designator=R12(R 0402)
Add component (AddParameter): Name = "BRAND"; Value = ""; VariantName = "[No Variations]"
Add component (AddParameter): Name = "PACKAGE"; Value = ""; VariantName = "[No Variations]"
Add component (AddParameter): Name = "PART NO"; Value = ""; VariantName = "[No Variations]"
Add component (AddParameter): Name = "STOCK CODE"; Value = ""; VariantName = "[No Variations]"
Add component (AddParameter): Name = "SUPPLIER"; Value = ""; VariantName = "[No Variations]"
Add component (AddParameter): Name = "TYPE"; Value = ""; VariantName = "[No Variations]"
Added Pin To Net: NetName=GND Pin=D?-2
Added Pin To Net: NetName=GND Pin=F530S-4
Added Pin To Net: NetName=GND Pin=P1-2
Added Pin To Net: NetName=GND Pin=PC817-2
Added Pin To Net: NetName=ESP_IO27 Pin=R9-1
Added Pin To Net: NetName=GND Pin=R12-1
Added Pin To Net: NetName=NetD1_1 Pin=D1-1
Added Pin To Net: NetName=NetD1_1 Pin=F530S-3
Added Pin To Net: NetName=NetD1_1 Pin=P2-2
Added Net: Name=NetD1_1
Added Pin To Net: NetName=NetD?_1 Pin=D?-1
Added Pin To Net: NetName=NetD?_1 Pin=R10-1
Added Net: Name=NetD?_1
Added Pin To Net: NetName=NetF530S_1 Pin=F530S-1
Added Pin To Net: NetName=NetF530S_1 Pin=R11-2
Added Pin To Net: NetName=NetF530S_1 Pin=R12-2
Added Net: Name=NetF530S_1
Added Pin To Net: NetName=NetPC817_1 Pin=PC817-1
Added Pin To Net: NetName=NetPC817_1 Pin=R9-2
Added Net: Name=NetPC817_1
Added Pin To Net: NetName=NetPC817_3 Pin=PC817-3
Added Pin To Net: NetName=NetPC817_3 Pin=R10-2
Added Pin To Net: NetName=NetPC817_3 Pin=R11-1
Added Net: Name=NetPC817_3
Added Pin To Net: NetName=VDD_12V Pin=D1-2
Added Pin To Net: NetName=VDD_12V Pin=P1-1
Added Pin To Net: NetName=VDD_12V Pin=P2-1
Added Pin To Net: NetName=VDD_12V Pin=PC817-4
Added Net: Name=VDD_12V
Added Member To Class: ClassName=Schematic Member=Component D1 Diode Schottky
Added Member To Class: ClassName=Schematic Member=Component D? LED RED
Added Member To Class: ClassName=Schematic Member=Component F530S IRF5305SPBF
Added Member To Class: ClassName=Schematic Member=Component P1 Header 2
Added Member To Class: ClassName=Schematic Member=Component P2 Header 2
Added Member To Class: ClassName=Schematic Member=Component PC817 PC817X2NIP1B
Added Member To Class: ClassName=Schematic Member=Component Pump Header 2
Added Member To Class: ClassName=Schematic Member=Component R9 220
Added Member To Class: ClassName=Schematic Member=Component R10 1K
Added Member To Class: ClassName=Schematic Member=Component R11 1K
Added Member To Class: ClassName=Schematic Member=Component R12 10K
Added Rule: Name=Schematic Supply Nets_4
